08:11:30.691 [main] INFO  testCases.TC_001 - Home page opening..
08:11:30.836 [main] INFO  testCases.TC_001 - validate the title of home page...
08:11:30.858 [main] INFO  testCases.TC_001 - Test finish....
08:31:28.919 [main] INFO  testCases.TC_001 - Home page opening..
08:31:29.191 [main] INFO  testCases.TC_001 - validate the title of home page...
08:31:29.258 [main] INFO  testCases.TC_001 - Test finish....
08:43:22.003 [main] INFO  testCases.TC_001 - Home page opening..
08:43:22.176 [main] INFO  testCases.TC_001 - validate the title of home page...
08:43:22.196 [main] INFO  testCases.TC_001 - Test finish....
08:46:59.924 [main] INFO  testCases.TC_001 - Home page opening..
08:47:00.132 [main] INFO  testCases.TC_001 - validate the title of home page...
08:47:00.167 [main] INFO  testCases.TC_001 - Test finish....
09:05:05.389 [main] INFO  testCases.TC_001 - Home page opening..
09:05:05.546 [main] INFO  testCases.TC_001 - validate the title of home page...
09:05:05.561 [main] INFO  testCases.TC_001 - Test finish....
09:05:09.204 [main] INFO  testCases.TC_002 - Test starting...
09:05:09.207 [main] INFO  testCases.TC_002 - Click action on the register button...
09:05:09.971 [main] INFO  testCases.TC_002 - validate register title...
09:05:10.057 [main] INFO  testCases.TC_002 - Test got pass...
09:05:13.480 [main] INFO  testCases.TC_003 - Test starting....
09:05:13.485 [main] INFO  testCases.TC_003 - Clicking on the loggin button..
09:05:14.513 [main] INFO  testCases.TC_003 - validating login title
09:05:14.604 [main] INFO  testCases.TC_003 - Test got pass....
09:05:18.262 [main] INFO  testCases.TC_004 - Test starting.....
09:05:18.264 [main] INFO  testCases.TC_004 - Click action on the wishlist button
09:05:19.682 [main] INFO  testCases.TC_004 - validating title of the wishlist page
09:05:19.761 [main] INFO  testCases.TC_004 - Test got pass.....
09:05:22.545 [main] INFO  testCases.TC_005 - Test starting.....
09:05:22.545 [main] INFO  testCases.TC_005 - Click on the shopping cart feature.....
09:05:23.342 [main] INFO  testCases.TC_005 - validate shopping cart page with title..
09:05:23.412 [main] INFO  testCases.TC_005 - Test got pass.....
09:05:26.307 [main] INFO  testCases.TC_006 - Test starting...
09:05:26.309 [main] INFO  testCases.TC_006 - Click action on the register button...
09:05:27.177 [main] INFO  testCases.TC_006 - select female gender
09:05:27.402 [main] INFO  testCases.TC_006 - Provide first name
09:05:27.572 [main] INFO  testCases.TC_006 - Provide last name
09:05:27.694 [main] INFO  testCases.TC_006 - Select date
09:05:27.905 [main] INFO  testCases.TC_006 - Select month
09:05:28.061 [main] INFO  testCases.TC_006 - Select year
09:05:28.241 [main] INFO  testCases.TC_006 - Provide email address
09:05:28.360 [main] INFO  testCases.TC_006 - Enter company name
09:05:28.498 [main] INFO  testCases.TC_006 - set password
09:05:28.636 [main] INFO  testCases.TC_006 - Set confirm password
09:05:28.770 [main] INFO  testCases.TC_006 - Click on the submit button
09:05:29.689 [main] INFO  testCases.TC_006 - Registration validate with success message.
09:05:29.776 [main] INFO  testCases.TC_006 - Test got pass...
09:05:33.614 [main] INFO  testCases.TC_007 - Test starting...
09:05:34.416 [main] INFO  testCases.TC_007 - Click action on the register button...
09:05:34.561 [main] INFO  testCases.TC_007 - select male gender
09:05:34.735 [main] INFO  testCases.TC_007 - select female gender
09:05:34.735 [main] INFO  testCases.TC_007 - validation starting....
09:05:34.794 [main] INFO  testCases.TC_007 - Test got pass...
09:05:37.606 [main] INFO  testCases.TC_008 - Test starting...
09:05:37.607 [main] INFO  testCases.TC_008 - Click action on the register button...
09:05:38.469 [main] INFO  testCases.TC_008 - select male gender
09:05:38.612 [main] INFO  testCases.TC_008 - Provide first name
09:05:38.735 [main] INFO  testCases.TC_008 - Provide last name
09:05:38.835 [main] INFO  testCases.TC_008 - Select date
09:05:39.015 [main] INFO  testCases.TC_008 - Select month
09:05:39.162 [main] INFO  testCases.TC_008 - Select year
09:05:39.311 [main] INFO  testCases.TC_008 - Provide email address
09:05:39.432 [main] INFO  testCases.TC_008 - Enter company name
09:05:39.552 [main] INFO  testCases.TC_008 - set password
09:05:39.674 [main] INFO  testCases.TC_008 - Set confirm password
09:05:39.803 [main] INFO  testCases.TC_008 - Click on the submit button
09:05:40.814 [main] INFO  testCases.TC_008 - Registration validate with success message.
09:05:43.206 [main] INFO  testCases.TC_008 - Test got pass...
09:05:45.924 [main] INFO  testCases.TC_009 - Test starting...
09:05:45.925 [main] INFO  testCases.TC_009 - Click action on the register button...
09:05:46.756 [main] INFO  testCases.TC_009 - select male gender
09:05:46.885 [main] INFO  testCases.TC_009 - Provide first name
09:05:47.003 [main] INFO  testCases.TC_009 - Provide last name
09:05:47.110 [main] INFO  testCases.TC_009 - Select date
